Using pre-set license
Built from '2021.3/staging' branch; Version is '2021.3.15f1 (e8e88683f834) revision 15263878'; Using compiler version '192829333'; Build Type 'Release'
OS: 'Windows 10  (10.0.19044) 64bit Professional' Language: 'ru' Physical Memory: 16330 MB
BatchMode: 1, IsHumanControllingUs: 0, StartBugReporterOnCrash: 0, Is64bit: 1, IsPro: 1

COMMAND LINE ARGUMENTS:
C:\Program Files\Unity\Hub\Editor\2021.3.15f1\Editor\Unity.exe
-adb2
-batchMode
-noUpm
-name
AssetImportWorker2
-projectPath
C:/Users/Ivan/Documents/GitHub/MiniMarket/MiniMarket
-logFile
Logs/AssetImportWorker2.log
-srvPort
61121
Successfully changed project path to: C:/Users/Ivan/Documents/GitHub/MiniMarket/MiniMarket
C:/Users/Ivan/Documents/GitHub/MiniMarket/MiniMarket
[UnityMemory] Configuration Parameters - Can be set up in boot.config
    "memorysetup-bucket-allocator-granularity=16"
    "memorysetup-bucket-allocator-bucket-count=8"
    "memorysetup-bucket-allocator-block-size=33554432"
    "memorysetup-bucket-allocator-block-count=8"
    "memorysetup-main-allocator-block-size=16777216"
    "memorysetup-thread-allocator-block-size=16777216"
    "memorysetup-gfx-main-allocator-block-size=16777216"
    "memorysetup-gfx-thread-allocator-block-size=16777216"
    "memorysetup-cache-allocator-block-size=4194304"
    "memorysetup-typetree-allocator-block-size=2097152"
    "memorysetup-profiler-bucket-allocator-granularity=16"
    "memorysetup-profiler-bucket-allocator-bucket-count=8"
    "memorysetup-profiler-bucket-allocator-block-size=33554432"
    "memorysetup-profiler-bucket-allocator-block-count=8"
    "memorysetup-profiler-allocator-block-size=16777216"
    "memorysetup-profiler-editor-allocator-block-size=1048576"
    "memorysetup-temp-allocator-size-main=16777216"
    "memorysetup-job-temp-allocator-block-size=2097152"
    "memorysetup-job-temp-allocator-block-size-background=1048576"
    "memorysetup-job-temp-allocator-reduction-small-platforms=262144"
    "memorysetup-temp-allocator-size-background-worker=32768"
    "memorysetup-temp-allocator-size-job-worker=262144"
    "memorysetup-temp-allocator-size-preload-manager=33554432"
    "memorysetup-temp-allocator-size-nav-mesh-worker=65536"
    "memorysetup-temp-allocator-size-audio-worker=65536"
    "memorysetup-temp-allocator-size-cloud-worker=32768"
    "memorysetup-temp-allocator-size-gi-baking-worker=262144"
    "memorysetup-temp-allocator-size-gfx=262144"
Player connection [13264] Host "[IP] 192.168.1.101 [Port] 0 [Flags] 2 [Guid] 1855987404 [EditorId] 1855987404 [Version] 1048832 [Id] WindowsEditor(7,DESKTOP-1UOKPBL) [Debug] 1 [PackageName] WindowsEditor [ProjectName] Editor" joined multi-casting on [225.0.0.222:54997]...

Player connection [13264] Host "[IP] 192.168.1.101 [Port] 0 [Flags] 2 [Guid] 1855987404 [EditorId] 1855987404 [Version] 1048832 [Id] WindowsEditor(7,DESKTOP-1UOKPBL) [Debug] 1 [PackageName] WindowsEditor [ProjectName] Editor" joined alternative multi-casting on [225.0.0.222:34997]...

Refreshing native plugins compatible for Editor in 101.71 ms, found 3 plugins.
Preloading 0 native plugins for Editor in 0.00 ms.
Initialize engine version: 2021.3.15f1 (e8e88683f834)
[Subsystems] Discovering subsystems at path C:/Program Files/Unity/Hub/Editor/2021.3.15f1/Editor/Data/Resources/UnitySubsystems
[Subsystems] Discovering subsystems at path C:/Users/Ivan/Documents/GitHub/MiniMarket/MiniMarket/Assets
GfxDevice: creating device client; threaded=0; jobified=0
Direct3D:
    Version:  Direct3D 11.0 [level 11.1]
    Renderer: Radeon (TM) RX 470 Graphics (ID=0x67df)
    Vendor:   ATI
    VRAM:     4074 MB
    Driver:   31.0.12027.7000
Initialize mono
Mono path[0] = 'C:/Program Files/Unity/Hub/Editor/2021.3.15f1/Editor/Data/Managed'
Mono path[1] = 'C:/Program Files/Unity/Hub/Editor/2021.3.15f1/Editor/Data/MonoBleedingEdge/lib/mono/unityjit-win32'
Mono config path = 'C:/Program Files/Unity/Hub/Editor/2021.3.15f1/Editor/Data/MonoBleedingEdge/etc'
Using monoOptions --debugger-agent=transport=dt_socket,embedding=1,server=y,suspend=n,address=127.0.0.1:56164
Begin MonoManager ReloadAssembly
Registering precompiled unity dll's ...
Register platform support module: C:/Program Files/Unity/Hub/Editor/2021.3.15f1/Editor/Data/PlaybackEngines/AndroidPlayer/UnityEditor.Android.Extensions.dll
Register platform support module: C:/Program Files/Unity/Hub/Editor/2021.3.15f1/Editor/Data/PlaybackEngines/WindowsStandaloneSupport/UnityEditor.WindowsStandalone.Extensions.dll
Registered in 0.013536 seconds.
Native extension for WindowsStandalone target not found
Native extension for Android target not found
Refreshing native plugins compatible for Editor in 81.66 ms, found 3 plugins.
Preloading 0 native plugins for Editor in 0.00 ms.
Mono: successfully reloaded assembly
- Completed reload, in  0.738 seconds
Domain Reload Profiling:
	ReloadAssembly (739ms)
		BeginReloadAssembly (90ms)
			ExecutionOrderSort (0ms)
			DisableScriptedObjects (0ms)
			BackupInstance (0ms)
			ReleaseScriptingObjects (0ms)
			CreateAndSetChildDomain (1ms)
		EndReloadAssembly (508ms)
			LoadAssemblies (87ms)
			RebuildTransferFunctionScriptingTraits (0ms)
			SetupTypeCache (112ms)
			ReleaseScriptCaches (0ms)
			RebuildScriptCaches (28ms)
			SetupLoadedEditorAssemblies (309ms)
				LogAssemblyErrors (0ms)
				InitializePlatformSupportModulesInManaged (68ms)
				SetLoadedEditorAssemblies (0ms)
				RefreshPlugins (82ms)
				BeforeProcessingInitializeOnLoad (1ms)
				ProcessInitializeOnLoadAttributes (106ms)
				ProcessInitializeOnLoadMethodAttributes (52ms)
				AfterProcessingInitializeOnLoad (0ms)
				EditorAssembliesLoaded (0ms)
			ExecutionOrderSort2 (0ms)
			AwakeInstancesAfterBackupRestoration (0ms)
Platform modules already initialized, skipping
Registering precompiled user dll's ...
Registered in 0.009960 seconds.
Begin MonoManager ReloadAssembly
Symbol file LoadedFromMemory doesn't match image C:\Users\Ivan\Documents\GitHub\MiniMarket\MiniMarket\Library\PackageCache\com.unity.visualscripting@1.7.8\Editor\VisualScripting.Core\Dependencies\YamlDotNet\Unity.VisualScripting.YamlDotNet.dll
Symbol file LoadedFromMemory doesn't match image C:\Users\Ivan\Documents\GitHub\MiniMarket\MiniMarket\Library\PackageCache\com.unity.visualscripting@1.7.8\Editor\VisualScripting.Core\Dependencies\DotNetZip\Unity.VisualScripting.IonicZip.dll
Native extension for WindowsStandalone target not found
Native extension for Android target not found
Refreshing native plugins compatible for Editor in 0.53 ms, found 3 plugins.
Preloading 0 native plugins for Editor in 0.00 ms.
Mono: successfully reloaded assembly
- Completed reload, in  1.285 seconds
Domain Reload Profiling:
	ReloadAssembly (1286ms)
		BeginReloadAssembly (240ms)
			ExecutionOrderSort (0ms)
			DisableScriptedObjects (7ms)
			BackupInstance (0ms)
			ReleaseScriptingObjects (0ms)
			CreateAndSetChildDomain (123ms)
		EndReloadAssembly (901ms)
			LoadAssemblies (107ms)
			RebuildTransferFunctionScriptingTraits (0ms)
			SetupTypeCache (299ms)
			ReleaseScriptCaches (1ms)
			RebuildScriptCaches (56ms)
			SetupLoadedEditorAssemblies (405ms)
				LogAssemblyErrors (0ms)
				InitializePlatformSupportModulesInManaged (17ms)
				SetLoadedEditorAssemblies (0ms)
				RefreshPlugins (1ms)
				BeforeProcessingInitializeOnLoad (99ms)
				ProcessInitializeOnLoadAttributes (248ms)
				ProcessInitializeOnLoadMethodAttributes (26ms)
				AfterProcessingInitializeOnLoad (14ms)
				EditorAssembliesLoaded (0ms)
			ExecutionOrderSort2 (0ms)
			AwakeInstancesAfterBackupRestoration (7ms)
Platform modules already initialized, skipping
========================================================================
Worker process is ready to serve import requests
Launched and connected shader compiler UnityShaderCompiler.exe after 0.05 seconds
Refreshing native plugins compatible for Editor in 0.55 ms, found 3 plugins.
Preloading 0 native plugins for Editor in 0.00 ms.
Unloading 3393 Unused Serialized files (Serialized files now loaded: 0)
Unloading 27 unused Assets / (114.0 KB). Loaded Objects now: 3853.
Memory consumption went from 118.6 MB to 118.5 MB.
Total: 3.207200 ms (FindLiveObjects: 0.293200 ms CreateObjectMapping: 0.091200 ms MarkObjects: 2.701900 ms  DeleteObjects: 0.119600 ms)

AssetImportParameters requested are different than current active one (requested -> active):
  custom:video-decoder-ogg-theora: a1e56fd34408186e4bbccfd4996cb3dc -> 
  custom:container-muxer-webm: aa71ff27fc2769a1b78a27578f13a17b -> 
  custom:container-demuxer-webm: 4f35f7cbe854078d1ac9338744f61a02 -> 
  custom:video-encoder-webm-vp8: eb34c28f22e8b96e1ab97ce403110664 -> 
  custom:audio-encoder-webm-vorbis: bf7c407c2cedff20999df2af8eb42d56 -> 
  custom:framework-win-MediaFoundation: 216162199b28c13a410421893ffa2e32 -> 
  custom:container-demuxer-ogg: 62fdf1f143b41e24485cea50d1cbac27 -> 
  custom:video-decoder-webm-vp8: 9c59270c3fd7afecdb556c50c9e8de78 -> 
  custom:audio-decoder-ogg-vorbis: bf7c407c2cedff20999df2af8eb42d56 -> 
========================================================================
Received Import Request.
  Time since last request: 963.003246 seconds.
  path: Assets/Joystick Pack/Sprites/Vertical Backgrounds/Vertical_Outline.png
  artifactKey: Guid(f054197ef28924b4986cbd91de2ab054) Importer(815301076,1909f56bfc062723c751e8b465ee728b)
Start importing Assets/Joystick Pack/Sprites/Vertical Backgrounds/Vertical_Outline.png using Guid(f054197ef28924b4986cbd91de2ab054) Importer(815301076,1909f56bfc062723c751e8b465ee728b)  -> (artifact id: '402ed141cb9c75e2d08b776e5f268620') in 0.179022 seconds 
========================================================================
Received Import Request.
  Time since last request: 24.310839 seconds.
  path: Assets/Joystick Pack/Sprites
  artifactKey: Guid(f36f8459cb8c3fd44ba4390ba9652af8) Importer(815301076,1909f56bfc062723c751e8b465ee728b)
Start importing Assets/Joystick Pack/Sprites using Guid(f36f8459cb8c3fd44ba4390ba9652af8) Importer(815301076,1909f56bfc062723c751e8b465ee728b)  -> (artifact id: 'aeafca05e0f941898d6845f5bec6b690') in 0.002863 seconds 
========================================================================
Received Import Request.
  Time since last request: 1.548215 seconds.
  path: Assets/Joystick Pack/Sprites/Handles
  artifactKey: Guid(6f3c65e147711ac449f6bbd5e7da81df) Importer(815301076,1909f56bfc062723c751e8b465ee728b)
Start importing Assets/Joystick Pack/Sprites/Handles using Guid(6f3c65e147711ac449f6bbd5e7da81df) Importer(815301076,1909f56bfc062723c751e8b465ee728b)  -> (artifact id: '868c18fecc62696744302b85305486be') in 0.002792 seconds 
========================================================================
Received Prepare
Registering precompiled user dll's ...
Registered in 0.009180 seconds.
Begin MonoManager ReloadAssembly
Symbol file LoadedFromMemory doesn't match image C:\Users\Ivan\Documents\GitHub\MiniMarket\MiniMarket\Library\PackageCache\com.unity.visualscripting@1.7.8\Editor\VisualScripting.Core\Dependencies\YamlDotNet\Unity.VisualScripting.YamlDotNet.dll
Symbol file LoadedFromMemory doesn't match image C:\Users\Ivan\Documents\GitHub\MiniMarket\MiniMarket\Library\PackageCache\com.unity.visualscripting@1.7.8\Editor\VisualScripting.Core\Dependencies\DotNetZip\Unity.VisualScripting.IonicZip.dll
Native extension for WindowsStandalone target not found
Native extension for Android target not found
Refreshing native plugins compatible for Editor in 0.55 ms, found 3 plugins.
Preloading 0 native plugins for Editor in 0.00 ms.
Mono: successfully reloaded assembly
- Completed reload, in  1.141 seconds
Domain Reload Profiling:
	ReloadAssembly (1141ms)
		BeginReloadAssembly (172ms)
			ExecutionOrderSort (0ms)
			DisableScriptedObjects (6ms)
			BackupInstance (0ms)
			ReleaseScriptingObjects (0ms)
			CreateAndSetChildDomain (35ms)
		EndReloadAssembly (851ms)
			LoadAssemblies (121ms)
			RebuildTransferFunctionScriptingTraits (0ms)
			SetupTypeCache (288ms)
			ReleaseScriptCaches (1ms)
			RebuildScriptCaches (39ms)
			SetupLoadedEditorAssemblies (373ms)
				LogAssemblyErrors (0ms)
				InitializePlatformSupportModulesInManaged (25ms)
				SetLoadedEditorAssemblies (0ms)
				RefreshPlugins (1ms)
				BeforeProcessingInitializeOnLoad (78ms)
				ProcessInitializeOnLoadAttributes (224ms)
				ProcessInitializeOnLoadMethodAttributes (28ms)
				AfterProcessingInitializeOnLoad (17ms)
				EditorAssembliesLoaded (0ms)
			ExecutionOrderSort2 (0ms)
			AwakeInstancesAfterBackupRestoration (8ms)
Platform modules already initialized, skipping
Refreshing native plugins compatible for Editor in 2.37 ms, found 3 plugins.
Preloading 0 native plugins for Editor in 0.00 ms.
Unloading 3375 Unused Serialized files (Serialized files now loaded: 0)
Unloading 20 unused Assets / (80.4 KB). Loaded Objects now: 3863.
Memory consumption went from 121.6 MB to 121.5 MB.
Total: 3.007300 ms (FindLiveObjects: 0.242600 ms CreateObjectMapping: 0.073600 ms MarkObjects: 2.597800 ms  DeleteObjects: 0.092100 ms)

AssetImportParameters requested are different than current active one (requested -> active):
  custom:video-decoder-ogg-theora: a1e56fd34408186e4bbccfd4996cb3dc -> 
  custom:container-muxer-webm: aa71ff27fc2769a1b78a27578f13a17b -> 
  custom:container-demuxer-webm: 4f35f7cbe854078d1ac9338744f61a02 -> 
  custom:video-encoder-webm-vp8: eb34c28f22e8b96e1ab97ce403110664 -> 
  custom:audio-encoder-webm-vorbis: bf7c407c2cedff20999df2af8eb42d56 -> 
  custom:framework-win-MediaFoundation: 216162199b28c13a410421893ffa2e32 -> 
  custom:container-demuxer-ogg: 62fdf1f143b41e24485cea50d1cbac27 -> 
  custom:video-decoder-webm-vp8: 9c59270c3fd7afecdb556c50c9e8de78 -> 
  custom:audio-decoder-ogg-vorbis: bf7c407c2cedff20999df2af8eb42d56 -> 
========================================================================
Received Import Request.
  Time since last request: 2048.199122 seconds.
  path: Assets/TextMesh Pro/Sprites
  artifactKey: Guid(d0603b6d5186471b96c778c3949c7ce2) Importer(815301076,1909f56bfc062723c751e8b465ee728b)
Start importing Assets/TextMesh Pro/Sprites using Guid(d0603b6d5186471b96c778c3949c7ce2) Importer(815301076,1909f56bfc062723c751e8b465ee728b)  -> (artifact id: '4422417d3661f4c22446971b0764e282') in 0.007517 seconds 
========================================================================
Received Import Request.
  Time since last request: 8.888468 seconds.
  path: Assets/Scripts/ItemsScripts
  artifactKey: Guid(5fe5e37d5968ce34e8752d9758cf614c) Importer(815301076,1909f56bfc062723c751e8b465ee728b)
Start importing Assets/Scripts/ItemsScripts using Guid(5fe5e37d5968ce34e8752d9758cf614c) Importer(815301076,1909f56bfc062723c751e8b465ee728b)  -> (artifact id: '81db7de0af2b9b3bf44162b1c49c847e') in 0.002977 seconds 
========================================================================
Received Import Request.
  Time since last request: 25.006075 seconds.
  path: Assets/Scripts/ItemsScripts/Item.cs
  artifactKey: Guid(efeb61ffb0a6d844fadedb349e907028) Importer(815301076,1909f56bfc062723c751e8b465ee728b)
Start importing Assets/Scripts/ItemsScripts/Item.cs using Guid(efeb61ffb0a6d844fadedb349e907028) Importer(815301076,1909f56bfc062723c751e8b465ee728b)  -> (artifact id: '6a8b121229e6c4bacb5a5b7319818a1a') in 0.007161 seconds 
========================================================================
Received Import Request.
  Time since last request: 7.601183 seconds.
  path: Assets/Scripts/ItemsScripts/Item.cs
  artifactKey: Guid(efeb61ffb0a6d844fadedb349e907028) Importer(815301076,1909f56bfc062723c751e8b465ee728b)
Start importing Assets/Scripts/ItemsScripts/Item.cs using Guid(efeb61ffb0a6d844fadedb349e907028) Importer(815301076,1909f56bfc062723c751e8b465ee728b)  -> (artifact id: 'a6fbb3b589b043c3be7e7f9b2fdb485f') in 0.001994 seconds 
========================================================================
Received Import Request.
  Time since last request: 46.577267 seconds.
  path: Assets/Scripts/ItemsScripts/Item.cs
  artifactKey: Guid(efeb61ffb0a6d844fadedb349e907028) Importer(815301076,1909f56bfc062723c751e8b465ee728b)
Start importing Assets/Scripts/ItemsScripts/Item.cs using Guid(efeb61ffb0a6d844fadedb349e907028) Importer(815301076,1909f56bfc062723c751e8b465ee728b)  -> (artifact id: 'f2a0ae880e5da838238c0b9e35291e16') in 0.001913 seconds 
========================================================================
Received Import Request.
  Time since last request: 207.333630 seconds.
  path: Assets/Scripts/ItemsScripts/Item.cs
  artifactKey: Guid(efeb61ffb0a6d844fadedb349e907028) Importer(815301076,1909f56bfc062723c751e8b465ee728b)
Start importing Assets/Scripts/ItemsScripts/Item.cs using Guid(efeb61ffb0a6d844fadedb349e907028) Importer(815301076,1909f56bfc062723c751e8b465ee728b)  -> (artifact id: 'f01da5b30fb674808975ff252e90067f') in 0.001961 seconds 
========================================================================
Received Import Request.
  Time since last request: 71.181386 seconds.
  path: Assets/Scripts/ItemsScripts/Item.cs
  artifactKey: Guid(efeb61ffb0a6d844fadedb349e907028) Importer(815301076,1909f56bfc062723c751e8b465ee728b)
Start importing Assets/Scripts/ItemsScripts/Item.cs using Guid(efeb61ffb0a6d844fadedb349e907028) Importer(815301076,1909f56bfc062723c751e8b465ee728b)  -> (artifact id: 'c35c3745d3d80105a8811f97235e1f5d') in 0.002889 seconds 
========================================================================
Received Prepare
Registering precompiled user dll's ...
Registered in 0.010179 seconds.
Begin MonoManager ReloadAssembly
Symbol file LoadedFromMemory doesn't match image C:\Users\Ivan\Documents\GitHub\MiniMarket\MiniMarket\Library\PackageCache\com.unity.visualscripting@1.7.8\Editor\VisualScripting.Core\Dependencies\YamlDotNet\Unity.VisualScripting.YamlDotNet.dll
Symbol file LoadedFromMemory doesn't match image C:\Users\Ivan\Documents\GitHub\MiniMarket\MiniMarket\Library\PackageCache\com.unity.visualscripting@1.7.8\Editor\VisualScripting.Core\Dependencies\DotNetZip\Unity.VisualScripting.IonicZip.dll
Native extension for WindowsStandalone target not found
Native extension for Android target not found
Refreshing native plugins compatible for Editor in 0.55 ms, found 3 plugins.
Preloading 0 native plugins for Editor in 0.00 ms.
Mono: successfully reloaded assembly
- Completed reload, in  1.124 seconds
Domain Reload Profiling:
	ReloadAssembly (1124ms)
		BeginReloadAssembly (151ms)
			ExecutionOrderSort (0ms)
			DisableScriptedObjects (6ms)
			BackupInstance (0ms)
			ReleaseScriptingObjects (0ms)
			CreateAndSetChildDomain (35ms)
		EndReloadAssembly (856ms)
			LoadAssemblies (104ms)
			RebuildTransferFunctionScriptingTraits (0ms)
			SetupTypeCache (271ms)
			ReleaseScriptCaches (1ms)
			RebuildScriptCaches (39ms)
			SetupLoadedEditorAssemblies (400ms)
				LogAssemblyErrors (0ms)
				InitializePlatformSupportModulesInManaged (26ms)
				SetLoadedEditorAssemblies (0ms)
				RefreshPlugins (1ms)
				BeforeProcessingInitializeOnLoad (81ms)
				ProcessInitializeOnLoadAttributes (246ms)
				ProcessInitializeOnLoadMethodAttributes (29ms)
				AfterProcessingInitializeOnLoad (17ms)
				EditorAssembliesLoaded (0ms)
			ExecutionOrderSort2 (0ms)
			AwakeInstancesAfterBackupRestoration (7ms)
Platform modules already initialized, skipping
Refreshing native plugins compatible for Editor in 2.34 ms, found 3 plugins.
Preloading 0 native plugins for Editor in 0.00 ms.
Unloading 3376 Unused Serialized files (Serialized files now loaded: 0)
Unloading 20 unused Assets / (80.4 KB). Loaded Objects now: 3867.
Memory consumption went from 121.5 MB to 121.5 MB.
Total: 3.011900 ms (FindLiveObjects: 0.243700 ms CreateObjectMapping: 0.072600 ms MarkObjects: 2.610900 ms  DeleteObjects: 0.083900 ms)

AssetImportParameters requested are different than current active one (requested -> active):
  custom:video-decoder-ogg-theora: a1e56fd34408186e4bbccfd4996cb3dc -> 
  custom:container-muxer-webm: aa71ff27fc2769a1b78a27578f13a17b -> 
  custom:container-demuxer-webm: 4f35f7cbe854078d1ac9338744f61a02 -> 
  custom:video-encoder-webm-vp8: eb34c28f22e8b96e1ab97ce403110664 -> 
  custom:audio-encoder-webm-vorbis: bf7c407c2cedff20999df2af8eb42d56 -> 
  custom:framework-win-MediaFoundation: 216162199b28c13a410421893ffa2e32 -> 
  custom:container-demuxer-ogg: 62fdf1f143b41e24485cea50d1cbac27 -> 
  custom:video-decoder-webm-vp8: 9c59270c3fd7afecdb556c50c9e8de78 -> 
  custom:audio-decoder-ogg-vorbis: bf7c407c2cedff20999df2af8eb42d56 -> 
========================================================================
Received Import Request.
  Time since last request: 4774.148128 seconds.
  path: Assets/Items
  artifactKey: Guid(bb676520ef7a9c842a391ce8a9eca80a) Importer(815301076,1909f56bfc062723c751e8b465ee728b)
Start importing Assets/Items using Guid(bb676520ef7a9c842a391ce8a9eca80a) Importer(815301076,1909f56bfc062723c751e8b465ee728b)  -> (artifact id: '8714a601827f194a2078ed67178b7872') in 0.028803 seconds 
========================================================================
Received Import Request.
  Time since last request: 22.634109 seconds.
  path: Assets/Items/New Item.asset
  artifactKey: Guid(7775802b6b54f824d83e6447207f7b77) Importer(815301076,1909f56bfc062723c751e8b465ee728b)
Start importing Assets/Items/New Item.asset using Guid(7775802b6b54f824d83e6447207f7b77) Importer(815301076,1909f56bfc062723c751e8b465ee728b)  -> (artifact id: '1a532c4f45146b36541baaf5685a09ba') in 0.027556 seconds 
========================================================================
Received Import Request.
  Time since last request: 9.580037 seconds.
  path: Assets/Items/Apple.asset
  artifactKey: Guid(7775802b6b54f824d83e6447207f7b77) Importer(815301076,1909f56bfc062723c751e8b465ee728b)
Start importing Assets/Items/Apple.asset using Guid(7775802b6b54f824d83e6447207f7b77) Importer(815301076,1909f56bfc062723c751e8b465ee728b)  -> (artifact id: '31425c824c9166bb4ba4a1636df934b1') in 0.003579 seconds 
========================================================================
Received Import Request.
  Time since last request: 0.949229 seconds.
  path: Assets/Items/Apple 1.asset
  artifactKey: Guid(84f04533e8a836e4faf4f2eb62b40c63) Importer(815301076,1909f56bfc062723c751e8b465ee728b)
Start importing Assets/Items/Apple 1.asset using Guid(84f04533e8a836e4faf4f2eb62b40c63) Importer(815301076,1909f56bfc062723c751e8b465ee728b)  -> (artifact id: 'c4b90955b24eed71649f6c06e683a69f') in 0.003191 seconds 
========================================================================
Received Import Request.
  Time since last request: 7.639890 seconds.
  path: Assets/Items/Corn.asset
  artifactKey: Guid(84f04533e8a836e4faf4f2eb62b40c63) Importer(815301076,1909f56bfc062723c751e8b465ee728b)
Start importing Assets/Items/Corn.asset using Guid(84f04533e8a836e4faf4f2eb62b40c63) Importer(815301076,1909f56bfc062723c751e8b465ee728b)  -> (artifact id: '0fb945071e374a749694ff07496230e3') in 0.003030 seconds 
========================================================================
Received Import Request.
  Time since last request: 0.650171 seconds.
  path: Assets/Items/Corn 1.asset
  artifactKey: Guid(7c9fe7d9c2b37a046b6c0b7edec651b5) Importer(815301076,1909f56bfc062723c751e8b465ee728b)
Start importing Assets/Items/Corn 1.asset using Guid(7c9fe7d9c2b37a046b6c0b7edec651b5) Importer(815301076,1909f56bfc062723c751e8b465ee728b)  -> (artifact id: '02854d8151a41c4391eb8ff743cd5854') in 0.003092 seconds 
========================================================================
Received Import Request.
  Time since last request: 6.437537 seconds.
  path: Assets/Items/Banana.asset
  artifactKey: Guid(7c9fe7d9c2b37a046b6c0b7edec651b5) Importer(815301076,1909f56bfc062723c751e8b465ee728b)
Start importing Assets/Items/Banana.asset using Guid(7c9fe7d9c2b37a046b6c0b7edec651b5) Importer(815301076,1909f56bfc062723c751e8b465ee728b)  -> (artifact id: '8454ed93c49dcb5106482fd09de05bd5') in 0.003667 seconds 
========================================================================
Received Import Request.
  Time since last request: 0.732685 seconds.
  path: Assets/Items/Banana 1.asset
  artifactKey: Guid(8fef26e3b42809949af839d65cbfbd97) Importer(815301076,1909f56bfc062723c751e8b465ee728b)
Start importing Assets/Items/Banana 1.asset using Guid(8fef26e3b42809949af839d65cbfbd97) Importer(815301076,1909f56bfc062723c751e8b465ee728b)  -> (artifact id: '44864730ee8aa12ced8e175ee777368d') in 0.003110 seconds 
========================================================================
Received Import Request.
  Time since last request: 3.863323 seconds.
  path: Assets/Items/Lemon.asset
  artifactKey: Guid(8fef26e3b42809949af839d65cbfbd97) Importer(815301076,1909f56bfc062723c751e8b465ee728b)
Start importing Assets/Items/Lemon.asset using Guid(8fef26e3b42809949af839d65cbfbd97) Importer(815301076,1909f56bfc062723c751e8b465ee728b)  -> (artifact id: '3ee1449aa05d77d7d28f567cd49d46cb') in 0.003328 seconds 
========================================================================
Received Import Request.
  Time since last request: 0.696658 seconds.
  path: Assets/Items/Lemon 1.asset
  artifactKey: Guid(c6c7bf65fbf00d34e915a63b099144b1) Importer(815301076,1909f56bfc062723c751e8b465ee728b)
Start importing Assets/Items/Lemon 1.asset using Guid(c6c7bf65fbf00d34e915a63b099144b1) Importer(815301076,1909f56bfc062723c751e8b465ee728b)  -> (artifact id: 'b04ce46726e7b04abd4134f66b501674') in 0.003088 seconds 
========================================================================
Received Import Request.
  Time since last request: 5.535310 seconds.
  path: Assets/Items/Orange.asset
  artifactKey: Guid(c6c7bf65fbf00d34e915a63b099144b1) Importer(815301076,1909f56bfc062723c751e8b465ee728b)
Start importing Assets/Items/Orange.asset using Guid(c6c7bf65fbf00d34e915a63b099144b1) Importer(815301076,1909f56bfc062723c751e8b465ee728b)  -> (artifact id: 'd835a8535b0aadf40771a531b1355765') in 0.003076 seconds 
========================================================================
Received Import Request.
  Time since last request: 40.768341 seconds.
  path: Assets/Items/Orange 1.asset
  artifactKey: Guid(d07071cbec3fb2a41a16bb565589f9ec) Importer(815301076,1909f56bfc062723c751e8b465ee728b)
Start importing Assets/Items/Orange 1.asset using Guid(d07071cbec3fb2a41a16bb565589f9ec) Importer(815301076,1909f56bfc062723c751e8b465ee728b)  -> (artifact id: 'b1291c2389b49f3c59025dc97e6a8e72') in 0.003158 seconds 
========================================================================
Received Import Request.
  Time since last request: 12.686132 seconds.
  path: Assets/Items/Brocoli.asset
  artifactKey: Guid(d07071cbec3fb2a41a16bb565589f9ec) Importer(815301076,1909f56bfc062723c751e8b465ee728b)
Start importing Assets/Items/Brocoli.asset using Guid(d07071cbec3fb2a41a16bb565589f9ec) Importer(815301076,1909f56bfc062723c751e8b465ee728b)  -> (artifact id: '2692815ce9bc148eab33a52c0d0c6588') in 0.003239 seconds 
========================================================================
Received Import Request.
  Time since last request: 0.839564 seconds.
  path: Assets/Items/Brocoli 1.asset
  artifactKey: Guid(9f01af934b6173940bdcb7c28765b7dd) Importer(815301076,1909f56bfc062723c751e8b465ee728b)
Start importing Assets/Items/Brocoli 1.asset using Guid(9f01af934b6173940bdcb7c28765b7dd) Importer(815301076,1909f56bfc062723c751e8b465ee728b)  -> (artifact id: '89ef8f6d0fae3f912ef1da935fdcd973') in 0.003056 seconds 
========================================================================
Received Import Request.
  Time since last request: 6.700560 seconds.
  path: Assets/Items/Cabbage.asset
  artifactKey: Guid(9f01af934b6173940bdcb7c28765b7dd) Importer(815301076,1909f56bfc062723c751e8b465ee728b)
Start importing Assets/Items/Cabbage.asset using Guid(9f01af934b6173940bdcb7c28765b7dd) Importer(815301076,1909f56bfc062723c751e8b465ee728b)  -> (artifact id: 'c46744941c8bebed436494281be58586') in 0.003282 seconds 
========================================================================
Received Import Request.
  Time since last request: 1.285583 seconds.
  path: Assets/Items/Cabbage 1.asset
  artifactKey: Guid(918da09886a904147afc99cd326b8b5d) Importer(815301076,1909f56bfc062723c751e8b465ee728b)
Start importing Assets/Items/Cabbage 1.asset using Guid(918da09886a904147afc99cd326b8b5d) Importer(815301076,1909f56bfc062723c751e8b465ee728b)  -> (artifact id: '8db1dad01172fc17dc73ee2dd2afd2a5') in 0.003112 seconds 
========================================================================
Received Import Request.
  Time since last request: 5.890937 seconds.
  path: Assets/Items/Cucumber.asset
  artifactKey: Guid(918da09886a904147afc99cd326b8b5d) Importer(815301076,1909f56bfc062723c751e8b465ee728b)
Start importing Assets/Items/Cucumber.asset using Guid(918da09886a904147afc99cd326b8b5d) Importer(815301076,1909f56bfc062723c751e8b465ee728b)  -> (artifact id: '6b87c0de13fda98586dc4b9e2d9fc98c') in 0.003015 seconds 
========================================================================
Received Import Request.
  Time since last request: 2.424315 seconds.
  path: Assets/Items/Cucumber 1.asset
  artifactKey: Guid(38525fc1e81e5ad4faed2a4442ddf409) Importer(815301076,1909f56bfc062723c751e8b465ee728b)
Start importing Assets/Items/Cucumber 1.asset using Guid(38525fc1e81e5ad4faed2a4442ddf409) Importer(815301076,1909f56bfc062723c751e8b465ee728b)  -> (artifact id: '0303d70e2762a409f0c887f7ecb36188') in 0.003044 seconds 
========================================================================
Received Import Request.
  Time since last request: 7.323639 seconds.
  path: Assets/Items/Pumpkin.asset
  artifactKey: Guid(38525fc1e81e5ad4faed2a4442ddf409) Importer(815301076,1909f56bfc062723c751e8b465ee728b)
Start importing Assets/Items/Pumpkin.asset using Guid(38525fc1e81e5ad4faed2a4442ddf409) Importer(815301076,1909f56bfc062723c751e8b465ee728b)  -> (artifact id: 'f546da4dd5e951fddc29560a66daa317') in 0.003063 seconds 
========================================================================
Received Import Request.
  Time since last request: 1.348090 seconds.
  path: Assets/Items/Pumpkin 1.asset
  artifactKey: Guid(e681cc67578a3e94f89de3129d50de8a) Importer(815301076,1909f56bfc062723c751e8b465ee728b)
Start importing Assets/Items/Pumpkin 1.asset using Guid(e681cc67578a3e94f89de3129d50de8a) Importer(815301076,1909f56bfc062723c751e8b465ee728b)  -> (artifact id: '0ef862c60569b8280e708a79c90408a9') in 0.003131 seconds 
========================================================================
Received Import Request.
  Time since last request: 4.496184 seconds.
  path: Assets/Items/Tomato.asset
  artifactKey: Guid(e681cc67578a3e94f89de3129d50de8a) Importer(815301076,1909f56bfc062723c751e8b465ee728b)
Start importing Assets/Items/Tomato.asset using Guid(e681cc67578a3e94f89de3129d50de8a) Importer(815301076,1909f56bfc062723c751e8b465ee728b)  -> (artifact id: 'c8214d661d6a06db3e7da9e23a1a353a') in 0.003006 seconds 
========================================================================
Received Import Request.
  Time since last request: 24.715141 seconds.
  path: Assets/Items/Apple.asset
  artifactKey: Guid(7775802b6b54f824d83e6447207f7b77) Importer(815301076,1909f56bfc062723c751e8b465ee728b)
Start importing Assets/Items/Apple.asset using Guid(7775802b6b54f824d83e6447207f7b77) Importer(815301076,1909f56bfc062723c751e8b465ee728b)  -> (artifact id: '2ab5abc952003c233149670face69791') in 0.002553 seconds 
========================================================================
Received Import Request.
  Time since last request: 56.968033 seconds.
  path: Assets/Items/Orange.asset
  artifactKey: Guid(c6c7bf65fbf00d34e915a63b099144b1) Importer(815301076,1909f56bfc062723c751e8b465ee728b)
Start importing Assets/Items/Orange.asset using Guid(c6c7bf65fbf00d34e915a63b099144b1) Importer(815301076,1909f56bfc062723c751e8b465ee728b)  -> (artifact id: '079237438ed600922d013bb5977f6990') in 0.002502 seconds 
========================================================================
Received Import Request.
  Time since last request: 0.011793 seconds.
  path: Assets/Items/Banana.asset
  artifactKey: Guid(7c9fe7d9c2b37a046b6c0b7edec651b5) Importer(815301076,1909f56bfc062723c751e8b465ee728b)
Start importing Assets/Items/Banana.asset using Guid(7c9fe7d9c2b37a046b6c0b7edec651b5) Importer(815301076,1909f56bfc062723c751e8b465ee728b)  -> (artifact id: 'b7ed57afe32cd1cbae0868469b67d9d7') in 0.002729 seconds 
========================================================================
Received Import Request.
  Time since last request: 0.002854 seconds.
  path: Assets/Items/Cucumber.asset
  artifactKey: Guid(918da09886a904147afc99cd326b8b5d) Importer(815301076,1909f56bfc062723c751e8b465ee728b)
Start importing Assets/Items/Cucumber.asset using Guid(918da09886a904147afc99cd326b8b5d) Importer(815301076,1909f56bfc062723c751e8b465ee728b)  -> (artifact id: 'a318570e9a4b3a6d21afee6bd5be6a51') in 0.002957 seconds 
========================================================================
Received Import Request.
  Time since last request: 0.000020 seconds.
  path: Assets/Items/Lemon.asset
  artifactKey: Guid(8fef26e3b42809949af839d65cbfbd97) Importer(815301076,1909f56bfc062723c751e8b465ee728b)
Start importing Assets/Items/Lemon.asset using Guid(8fef26e3b42809949af839d65cbfbd97) Importer(815301076,1909f56bfc062723c751e8b465ee728b)  -> (artifact id: '2aa5779b807b5902fb3735c0e8302bd7') in 0.002586 seconds 
========================================================================
Received Import Request.
  Time since last request: 0.000024 seconds.
  path: Assets/Items/Cabbage.asset
  artifactKey: Guid(9f01af934b6173940bdcb7c28765b7dd) Importer(815301076,1909f56bfc062723c751e8b465ee728b)
Start importing Assets/Items/Cabbage.asset using Guid(9f01af934b6173940bdcb7c28765b7dd) Importer(815301076,1909f56bfc062723c751e8b465ee728b)  -> (artifact id: '4232c6711739566825fdc92ee5ab333a') in 0.002715 seconds 
========================================================================
Received Import Request.
  Time since last request: 0.000019 seconds.
  path: Assets/Items/Corn.asset
  artifactKey: Guid(84f04533e8a836e4faf4f2eb62b40c63) Importer(815301076,1909f56bfc062723c751e8b465ee728b)
Start importing Assets/Items/Corn.asset using Guid(84f04533e8a836e4faf4f2eb62b40c63) Importer(815301076,1909f56bfc062723c751e8b465ee728b)  -> (artifact id: 'eb69de77635b190017cfdeaf48ad184d') in 0.002678 seconds 
========================================================================
Received Import Request.
  Time since last request: 3.815242 seconds.
  path: Assets/Items/Pumpkin.asset
  artifactKey: Guid(38525fc1e81e5ad4faed2a4442ddf409) Importer(815301076,1909f56bfc062723c751e8b465ee728b)
Start importing Assets/Items/Pumpkin.asset using Guid(38525fc1e81e5ad4faed2a4442ddf409) Importer(815301076,1909f56bfc062723c751e8b465ee728b)  -> (artifact id: '005eeebc58ab94f5361139f6b8bf9aed') in 0.002547 seconds 
========================================================================
Received Import Request.
  Time since last request: 4.543183 seconds.
  path: Assets/Items/Tomato.asset
  artifactKey: Guid(e681cc67578a3e94f89de3129d50de8a) Importer(815301076,1909f56bfc062723c751e8b465ee728b)
Start importing Assets/Items/Tomato.asset using Guid(e681cc67578a3e94f89de3129d50de8a) Importer(815301076,1909f56bfc062723c751e8b465ee728b)  -> (artifact id: '895e5340cf42cd2e920e728b52f92f95') in 0.002481 seconds 
========================================================================
Received Import Request.
  Time since last request: 55.225105 seconds.
  path: Assets/Items/Orange.asset
  artifactKey: Guid(c6c7bf65fbf00d34e915a63b099144b1) Importer(815301076,1909f56bfc062723c751e8b465ee728b)
Start importing Assets/Items/Orange.asset using Guid(c6c7bf65fbf00d34e915a63b099144b1) Importer(815301076,1909f56bfc062723c751e8b465ee728b)  -> (artifact id: '7fd80d37894f6ae20edd8a44560c4fe8') in 0.002505 seconds 
========================================================================
Received Import Request.
  Time since last request: 0.011702 seconds.
  path: Assets/Items/Brocoli.asset
  artifactKey: Guid(d07071cbec3fb2a41a16bb565589f9ec) Importer(815301076,1909f56bfc062723c751e8b465ee728b)
Start importing Assets/Items/Brocoli.asset using Guid(d07071cbec3fb2a41a16bb565589f9ec) Importer(815301076,1909f56bfc062723c751e8b465ee728b)  -> (artifact id: 'c9cc19c3c9d2e969c90b5e9d2df2562f') in 0.002628 seconds 
========================================================================
Received Import Request.
  Time since last request: 0.001376 seconds.
  path: Assets/Items/Cucumber.asset
  artifactKey: Guid(918da09886a904147afc99cd326b8b5d) Importer(815301076,1909f56bfc062723c751e8b465ee728b)
Start importing Assets/Items/Cucumber.asset using Guid(918da09886a904147afc99cd326b8b5d) Importer(815301076,1909f56bfc062723c751e8b465ee728b)  -> (artifact id: 'ae9ad07d34db5c1d1234660ab9fc07b0') in 0.003474 seconds 
========================================================================
Received Import Request.
  Time since last request: 0.000024 seconds.
  path: Assets/Items/Tomato.asset
  artifactKey: Guid(e681cc67578a3e94f89de3129d50de8a) Importer(815301076,1909f56bfc062723c751e8b465ee728b)
Start importing Assets/Items/Tomato.asset using Guid(e681cc67578a3e94f89de3129d50de8a) Importer(815301076,1909f56bfc062723c751e8b465ee728b)  -> (artifact id: 'cb387b828278840ac318f0aa3e83ea7d') in 0.002791 seconds 
========================================================================
Received Import Request.
  Time since last request: 0.000026 seconds.
  path: Assets/Items/Pumpkin.asset
  artifactKey: Guid(38525fc1e81e5ad4faed2a4442ddf409) Importer(815301076,1909f56bfc062723c751e8b465ee728b)
Start importing Assets/Items/Pumpkin.asset using Guid(38525fc1e81e5ad4faed2a4442ddf409) Importer(815301076,1909f56bfc062723c751e8b465ee728b)  -> (artifact id: '4e8c9f0f1ade5f5f23ad0457f22e6157') in 0.002825 seconds 
========================================================================
Received Import Request.
  Time since last request: 0.000027 seconds.
  path: Assets/Items/Lemon.asset
  artifactKey: Guid(8fef26e3b42809949af839d65cbfbd97) Importer(815301076,1909f56bfc062723c751e8b465ee728b)
Start importing Assets/Items/Lemon.asset using Guid(8fef26e3b42809949af839d65cbfbd97) Importer(815301076,1909f56bfc062723c751e8b465ee728b)  -> (artifact id: '4c3845586717aa30f269389d0e32c865') in 0.002644 seconds 
========================================================================
Received Import Request.
  Time since last request: 0.000024 seconds.
  path: Assets/Items/Corn.asset
  artifactKey: Guid(84f04533e8a836e4faf4f2eb62b40c63) Importer(815301076,1909f56bfc062723c751e8b465ee728b)
Start importing Assets/Items/Corn.asset using Guid(84f04533e8a836e4faf4f2eb62b40c63) Importer(815301076,1909f56bfc062723c751e8b465ee728b)  -> (artifact id: '2e63999ef50d53da9510004b7191f4e4') in 0.003824 seconds 
Editor requested this worker to shutdown with reason: Scaling down because of idle timeout
AssetImportWorker is now disconnected from the server
Process exiting
Exiting without the bug reporter. Application will terminate with return code 0