Using pre-set license
Built from '2021.3/staging' branch; Version is '2021.3.15f1 (e8e88683f834) revision 15263878'; Using compiler version '192829333'; Build Type 'Release'
OS: 'Windows 11  (10.0.22000) 64bit Professional' Language: 'ru' Physical Memory: 7524 MB
BatchMode: 1, IsHumanControllingUs: 0, StartBugReporterOnCrash: 0, Is64bit: 1, IsPro: 1

COMMAND LINE ARGUMENTS:
C:\Program Files\Unity\Hub\Editor\2021.3.15f1\Editor\Unity.exe
-adb2
-batchMode
-noUpm
-name
AssetImportWorker1
-projectPath
C:/ProjectsUnity/MiniMarket-main/MiniMarket-main/MiniMarket
-logFile
Logs/AssetImportWorker1.log
-srvPort
60888
Successfully changed project path to: C:/ProjectsUnity/MiniMarket-main/MiniMarket-main/MiniMarket
C:/ProjectsUnity/MiniMarket-main/MiniMarket-main/MiniMarket
[UnityMemory] Configuration Parameters - Can be set up in boot.config
    "memorysetup-bucket-allocator-granularity=16"
    "memorysetup-bucket-allocator-bucket-count=8"
    "memorysetup-bucket-allocator-block-size=33554432"
    "memorysetup-bucket-allocator-block-count=8"
    "memorysetup-main-allocator-block-size=16777216"
    "memorysetup-thread-allocator-block-size=16777216"
    "memorysetup-gfx-main-allocator-block-size=16777216"
    "memorysetup-gfx-thread-allocator-block-size=16777216"
    "memorysetup-cache-allocator-block-size=4194304"
    "memorysetup-typetree-allocator-block-size=2097152"
    "memorysetup-profiler-bucket-allocator-granularity=16"
    "memorysetup-profiler-bucket-allocator-bucket-count=8"
    "memorysetup-profiler-bucket-allocator-block-size=33554432"
    "memorysetup-profiler-bucket-allocator-block-count=8"
    "memorysetup-profiler-allocator-block-size=16777216"
    "memorysetup-profiler-editor-allocator-block-size=1048576"
    "memorysetup-temp-allocator-size-main=16777216"
    "memorysetup-job-temp-allocator-block-size=2097152"
    "memorysetup-job-temp-allocator-block-size-background=1048576"
    "memorysetup-job-temp-allocator-reduction-small-platforms=262144"
    "memorysetup-temp-allocator-size-background-worker=32768"
    "memorysetup-temp-allocator-size-job-worker=262144"
    "memorysetup-temp-allocator-size-preload-manager=33554432"
    "memorysetup-temp-allocator-size-nav-mesh-worker=65536"
    "memorysetup-temp-allocator-size-audio-worker=65536"
    "memorysetup-temp-allocator-size-cloud-worker=32768"
    "memorysetup-temp-allocator-size-gi-baking-worker=262144"
    "memorysetup-temp-allocator-size-gfx=262144"
Player connection [24480] Host "[IP] 192.168.50.145 [Port] 0 [Flags] 2 [Guid] 2887544655 [EditorId] 2887544655 [Version] 1048832 [Id] WindowsEditor(7,DESKTOP-O89R17U) [Debug] 1 [PackageName] WindowsEditor [ProjectName] Editor" joined multi-casting on [225.0.0.222:54997]...

Player connection [24480] Host "[IP] 192.168.50.145 [Port] 0 [Flags] 2 [Guid] 2887544655 [EditorId] 2887544655 [Version] 1048832 [Id] WindowsEditor(7,DESKTOP-O89R17U) [Debug] 1 [PackageName] WindowsEditor [ProjectName] Editor" joined alternative multi-casting on [225.0.0.222:34997]...

Refreshing native plugins compatible for Editor in 191.39 ms, found 3 plugins.
Preloading 0 native plugins for Editor in 0.00 ms.
Initialize engine version: 2021.3.15f1 (e8e88683f834)
[Subsystems] Discovering subsystems at path C:/Program Files/Unity/Hub/Editor/2021.3.15f1/Editor/Data/Resources/UnitySubsystems
[Subsystems] Discovering subsystems at path C:/ProjectsUnity/MiniMarket-main/MiniMarket-main/MiniMarket/Assets
GfxDevice: creating device client; threaded=0; jobified=0
Direct3D:
    Version:  Direct3D 11.0 [level 11.1]
    Renderer: NVIDIA GeForce GTX 1650 (ID=0x1f9d)
    Vendor:   NVIDIA
    VRAM:     3962 MB
    Driver:   31.0.15.1694
Initialize mono
Mono path[0] = 'C:/Program Files/Unity/Hub/Editor/2021.3.15f1/Editor/Data/Managed'
Mono path[1] = 'C:/Program Files/Unity/Hub/Editor/2021.3.15f1/Editor/Data/MonoBleedingEdge/lib/mono/unityjit-win32'
Mono config path = 'C:/Program Files/Unity/Hub/Editor/2021.3.15f1/Editor/Data/MonoBleedingEdge/etc'
Using monoOptions --debugger-agent=transport=dt_socket,embedding=1,server=y,suspend=n,address=127.0.0.1:56320
Begin MonoManager ReloadAssembly
Registering precompiled unity dll's ...
Register platform support module: C:/Program Files/Unity/Hub/Editor/2021.3.15f1/Editor/Data/PlaybackEngines/AndroidPlayer/UnityEditor.Android.Extensions.dll
Register platform support module: C:/Program Files/Unity/Hub/Editor/2021.3.15f1/Editor/Data/PlaybackEngines/WindowsStandaloneSupport/UnityEditor.WindowsStandalone.Extensions.dll
Registered in 0.024005 seconds.
Native extension for WindowsStandalone target not found
Native extension for Android target not found
Refreshing native plugins compatible for Editor in 253.05 ms, found 3 plugins.
Preloading 0 native plugins for Editor in 0.00 ms.
Mono: successfully reloaded assembly
- Completed reload, in  2.075 seconds
Domain Reload Profiling:
	ReloadAssembly (2076ms)
		BeginReloadAssembly (161ms)
			ExecutionOrderSort (0ms)
			DisableScriptedObjects (0ms)
			BackupInstance (0ms)
			ReleaseScriptingObjects (0ms)
			CreateAndSetChildDomain (1ms)
		EndReloadAssembly (1523ms)
			LoadAssemblies (169ms)
			RebuildTransferFunctionScriptingTraits (0ms)
			SetupTypeCache (359ms)
			ReleaseScriptCaches (0ms)
			RebuildScriptCaches (127ms)
			SetupLoadedEditorAssemblies (850ms)
				LogAssemblyErrors (0ms)
				InitializePlatformSupportModulesInManaged (139ms)
				SetLoadedEditorAssemblies (0ms)
				RefreshPlugins (254ms)
				BeforeProcessingInitializeOnLoad (3ms)
				ProcessInitializeOnLoadAttributes (282ms)
				ProcessInitializeOnLoadMethodAttributes (172ms)
				AfterProcessingInitializeOnLoad (0ms)
				EditorAssembliesLoaded (0ms)
			ExecutionOrderSort2 (0ms)
			AwakeInstancesAfterBackupRestoration (0ms)
Platform modules already initialized, skipping
Registering precompiled user dll's ...
Registered in 0.021820 seconds.
Begin MonoManager ReloadAssembly
Symbol file LoadedFromMemory doesn't match image C:\ProjectsUnity\MiniMarket-main\MiniMarket-main\MiniMarket\Library\PackageCache\com.unity.visualscripting@1.7.8\Editor\VisualScripting.Core\Dependencies\YamlDotNet\Unity.VisualScripting.YamlDotNet.dll
Symbol file LoadedFromMemory doesn't match image C:\ProjectsUnity\MiniMarket-main\MiniMarket-main\MiniMarket\Library\PackageCache\com.unity.visualscripting@1.7.8\Editor\VisualScripting.Core\Dependencies\DotNetZip\Unity.VisualScripting.IonicZip.dll
Native extension for WindowsStandalone target not found
Native extension for Android target not found
Refreshing native plugins compatible for Editor in 1.10 ms, found 3 plugins.
Preloading 0 native plugins for Editor in 0.00 ms.
Mono: successfully reloaded assembly
- Completed reload, in  2.661 seconds
Domain Reload Profiling:
	ReloadAssembly (2663ms)
		BeginReloadAssembly (453ms)
			ExecutionOrderSort (0ms)
			DisableScriptedObjects (16ms)
			BackupInstance (0ms)
			ReleaseScriptingObjects (0ms)
			CreateAndSetChildDomain (175ms)
		EndReloadAssembly (1946ms)
			LoadAssemblies (282ms)
			RebuildTransferFunctionScriptingTraits (0ms)
			SetupTypeCache (580ms)
			ReleaseScriptCaches (1ms)
			RebuildScriptCaches (102ms)
			SetupLoadedEditorAssemblies (930ms)
				LogAssemblyErrors (0ms)
				InitializePlatformSupportModulesInManaged (31ms)
				SetLoadedEditorAssemblies (1ms)
				RefreshPlugins (1ms)
				BeforeProcessingInitializeOnLoad (225ms)
				ProcessInitializeOnLoadAttributes (570ms)
				ProcessInitializeOnLoadMethodAttributes (89ms)
				AfterProcessingInitializeOnLoad (13ms)
				EditorAssembliesLoaded (0ms)
			ExecutionOrderSort2 (0ms)
			AwakeInstancesAfterBackupRestoration (15ms)
Platform modules already initialized, skipping
========================================================================
Worker process is ready to serve import requests
Launched and connected shader compiler UnityShaderCompiler.exe after 0.12 seconds
Refreshing native plugins compatible for Editor in 1.23 ms, found 3 plugins.
Preloading 0 native plugins for Editor in 0.00 ms.
Unloading 3400 Unused Serialized files (Serialized files now loaded: 0)
Unloading 27 unused Assets / (113.8 KB). Loaded Objects now: 3860.
Memory consumption went from 119.0 MB to 118.9 MB.
Total: 7.987900 ms (FindLiveObjects: 0.388200 ms CreateObjectMapping: 0.193100 ms MarkObjects: 7.177200 ms  DeleteObjects: 0.227700 ms)

AssetImportParameters requested are different than current active one (requested -> active):
  custom:video-decoder-ogg-theora: a1e56fd34408186e4bbccfd4996cb3dc -> 
  custom:container-muxer-webm: aa71ff27fc2769a1b78a27578f13a17b -> 
  custom:container-demuxer-webm: 4f35f7cbe854078d1ac9338744f61a02 -> 
  custom:video-encoder-webm-vp8: eb34c28f22e8b96e1ab97ce403110664 -> 
  custom:audio-encoder-webm-vorbis: bf7c407c2cedff20999df2af8eb42d56 -> 
  custom:framework-win-MediaFoundation: 216162199b28c13a410421893ffa2e32 -> 
  custom:container-demuxer-ogg: 62fdf1f143b41e24485cea50d1cbac27 -> 
  custom:video-decoder-webm-vp8: 9c59270c3fd7afecdb556c50c9e8de78 -> 
  custom:audio-decoder-ogg-vorbis: bf7c407c2cedff20999df2af8eb42d56 -> 
========================================================================
Received Import Request.
  Time since last request: 1037264.025346 seconds.
  path: Assets/tomato.fbx
  artifactKey: Guid(bcb8ac5a08986ac40876913b76890a21) Importer(815301076,1909f56bfc062723c751e8b465ee728b)
Start importing Assets/tomato.fbx using Guid(bcb8ac5a08986ac40876913b76890a21) Importer(815301076,1909f56bfc062723c751e8b465ee728b)  -> (artifact id: '4753ddd0433e67e500bfc94bd3daae66') in 0.939098 seconds 
========================================================================
Received Import Request.
  Time since last request: 110.447206 seconds.
  path: Assets/BrokenVector/LowPolyStoragePack/Prefabs/Amp_Rack_02.prefab
  artifactKey: Guid(164922da0c45e13499cbb9c0d181acf4) Importer(815301076,1909f56bfc062723c751e8b465ee728b)
Start importing Assets/BrokenVector/LowPolyStoragePack/Prefabs/Amp_Rack_02.prefab using Guid(164922da0c45e13499cbb9c0d181acf4) Importer(815301076,1909f56bfc062723c751e8b465ee728b)  -> (artifact id: 'a64f82df41be4fde0dd09f9ac1e9ceb1') in 0.336978 seconds 
========================================================================
Received Import Request.
  Time since last request: 0.000057 seconds.
  path: Assets/BrokenVector/LowPolyStoragePack/Prefabs/Cabinet_02.prefab
  artifactKey: Guid(f2f081c540b0d8f4aa94075355020bfd) Importer(815301076,1909f56bfc062723c751e8b465ee728b)
Start importing Assets/BrokenVector/LowPolyStoragePack/Prefabs/Cabinet_02.prefab using Guid(f2f081c540b0d8f4aa94075355020bfd) Importer(815301076,1909f56bfc062723c751e8b465ee728b)  -> (artifact id: '57c3e256946e44a58cc9db69ba33c20f') in 0.047342 seconds 
========================================================================
Received Import Request.
  Time since last request: 0.000058 seconds.
  path: Assets/BrokenVector/LowPolyStoragePack/Prefabs/Bag_01_Red.prefab
  artifactKey: Guid(1cab31799405bf54a952bc3881c055fb) Importer(815301076,1909f56bfc062723c751e8b465ee728b)
Start importing Assets/BrokenVector/LowPolyStoragePack/Prefabs/Bag_01_Red.prefab using Guid(1cab31799405bf54a952bc3881c055fb) Importer(815301076,1909f56bfc062723c751e8b465ee728b)  -> (artifact id: '15f0a1003a53511e023e41640767087a') in 0.044317 seconds 
========================================================================
Received Import Request.
  Time since last request: 0.000027 seconds.
  path: Assets/BrokenVector/LowPolyStoragePack/Prefabs/Bag_01_Purple.prefab
  artifactKey: Guid(5a9cf2eaaa5dfef4f88b25565c281777) Importer(815301076,1909f56bfc062723c751e8b465ee728b)
Start importing Assets/BrokenVector/LowPolyStoragePack/Prefabs/Bag_01_Purple.prefab using Guid(5a9cf2eaaa5dfef4f88b25565c281777) Importer(815301076,1909f56bfc062723c751e8b465ee728b)  -> (artifact id: '4a3f0e758ed7da3b5b139f1c933ca969') in 0.036438 seconds 
========================================================================
Received Import Request.
  Time since last request: 0.000032 seconds.
  path: Assets/BrokenVector/LowPolyStoragePack/Prefabs/Barrel_02.prefab
  artifactKey: Guid(393666a36512b694893fb4b95c67c386) Importer(815301076,1909f56bfc062723c751e8b465ee728b)
Start importing Assets/BrokenVector/LowPolyStoragePack/Prefabs/Barrel_02.prefab using Guid(393666a36512b694893fb4b95c67c386) Importer(815301076,1909f56bfc062723c751e8b465ee728b)  -> (artifact id: '7c39043b7ca3ac97f55aa0b710139730') in 0.037937 seconds 
========================================================================
Received Import Request.
  Time since last request: 0.000035 seconds.
  path: Assets/BrokenVector/LowPolyStoragePack/Prefabs/Bag_02_Yellow.prefab
  artifactKey: Guid(d2843574691995046b12777e54a55453) Importer(815301076,1909f56bfc062723c751e8b465ee728b)
Start importing Assets/BrokenVector/LowPolyStoragePack/Prefabs/Bag_02_Yellow.prefab using Guid(d2843574691995046b12777e54a55453) Importer(815301076,1909f56bfc062723c751e8b465ee728b)  -> (artifact id: '065ac78f2f7fb80115372412bcb5f044') in 0.043244 seconds 
========================================================================
Received Import Request.
  Time since last request: 0.000043 seconds.
  path: Assets/BrokenVector/LowPolyStoragePack/Prefabs/Box_01_Blue.prefab
  artifactKey: Guid(01d0598bc959e1744a433317fbb1b0c7) Importer(815301076,1909f56bfc062723c751e8b465ee728b)
Start importing Assets/BrokenVector/LowPolyStoragePack/Prefabs/Box_01_Blue.prefab using Guid(01d0598bc959e1744a433317fbb1b0c7) Importer(815301076,1909f56bfc062723c751e8b465ee728b)  -> (artifact id: '58e26cf0e1814e7eeee359e32100386f') in 0.039663 seconds 
========================================================================
Received Import Request.
  Time since last request: 0.000042 seconds.
  path: Assets/BrokenVector/LowPolyStoragePack/Prefabs/Cabinet_04.prefab
  artifactKey: Guid(83e0b760e96651c448d56f34e3e1a2bd) Importer(815301076,1909f56bfc062723c751e8b465ee728b)
Start importing Assets/BrokenVector/LowPolyStoragePack/Prefabs/Cabinet_04.prefab using Guid(83e0b760e96651c448d56f34e3e1a2bd) Importer(815301076,1909f56bfc062723c751e8b465ee728b)  -> (artifact id: 'a4905ebc68d71c3cfaa68839d9cfb4e9') in 0.044603 seconds 
========================================================================
Received Import Request.
  Time since last request: 0.000059 seconds.
  path: Assets/BrokenVector/LowPolyStoragePack/Prefabs/Box_02_Purple.prefab
  artifactKey: Guid(0261ec717e40f9641ad55ee135e1a813) Importer(815301076,1909f56bfc062723c751e8b465ee728b)
Start importing Assets/BrokenVector/LowPolyStoragePack/Prefabs/Box_02_Purple.prefab using Guid(0261ec717e40f9641ad55ee135e1a813) Importer(815301076,1909f56bfc062723c751e8b465ee728b)  -> (artifact id: '504d6b8bf9599eff37cd23ef52ae4968') in 0.039870 seconds 
========================================================================
Received Import Request.
  Time since last request: 0.000036 seconds.
  path: Assets/BrokenVector/LowPolyStoragePack/Prefabs/Bag_01_Yellow.prefab
  artifactKey: Guid(54e51794795d1cd4b85e485eb05d8d89) Importer(815301076,1909f56bfc062723c751e8b465ee728b)
Start importing Assets/BrokenVector/LowPolyStoragePack/Prefabs/Bag_01_Yellow.prefab using Guid(54e51794795d1cd4b85e485eb05d8d89) Importer(815301076,1909f56bfc062723c751e8b465ee728b)  -> (artifact id: 'b7f858b422167d173182f4e10a278e68') in 0.044186 seconds 
========================================================================
Received Import Request.
  Time since last request: 0.000048 seconds.
  path: Assets/BrokenVector/LowPolyStoragePack/Prefabs/Barrel_04.prefab
  artifactKey: Guid(515fff63c7f669d4abf983437c38c0bb) Importer(815301076,1909f56bfc062723c751e8b465ee728b)
Start importing Assets/BrokenVector/LowPolyStoragePack/Prefabs/Barrel_04.prefab using Guid(515fff63c7f669d4abf983437c38c0bb) Importer(815301076,1909f56bfc062723c751e8b465ee728b)  -> (artifact id: '43f6edf5637a96943f9faf791d4eece3') in 0.038985 seconds 
========================================================================
Received Import Request.
  Time since last request: 0.000034 seconds.
  path: Assets/BrokenVector/LowPolyStoragePack/Prefabs/Barrel_03_Yellow.prefab
  artifactKey: Guid(040f36dc3eedcd241a0882592506236a) Importer(815301076,1909f56bfc062723c751e8b465ee728b)
Start importing Assets/BrokenVector/LowPolyStoragePack/Prefabs/Barrel_03_Yellow.prefab using Guid(040f36dc3eedcd241a0882592506236a) Importer(815301076,1909f56bfc062723c751e8b465ee728b)  -> (artifact id: '34c11a3d29fbf2efc89bf2f34cb1e455') in 0.038138 seconds 
========================================================================
Received Import Request.
  Time since last request: 0.000041 seconds.
  path: Assets/BrokenVector/LowPolyStoragePack/Prefabs/Box_01_Yellow.prefab
  artifactKey: Guid(303a8118f0602de4d848c9d7b7e74129) Importer(815301076,1909f56bfc062723c751e8b465ee728b)
Start importing Assets/BrokenVector/LowPolyStoragePack/Prefabs/Box_01_Yellow.prefab using Guid(303a8118f0602de4d848c9d7b7e74129) Importer(815301076,1909f56bfc062723c751e8b465ee728b)  -> (artifact id: '0be42d12260d6a089f5d38c7d71d7c92') in 0.035045 seconds 
========================================================================
Received Import Request.
  Time since last request: 0.000055 seconds.
  path: Assets/BrokenVector/LowPolyStoragePack/Prefabs/Bag_02_Purple.prefab
  artifactKey: Guid(cb67168c0b7373f40bee1fd44669f986) Importer(815301076,1909f56bfc062723c751e8b465ee728b)
Start importing Assets/BrokenVector/LowPolyStoragePack/Prefabs/Bag_02_Purple.prefab using Guid(cb67168c0b7373f40bee1fd44669f986) Importer(815301076,1909f56bfc062723c751e8b465ee728b)  -> (artifact id: '612c7c3ba93a8bc3268f5296cd2c1741') in 0.037850 seconds 
========================================================================
Received Import Request.
  Time since last request: 0.000056 seconds.
  path: Assets/BrokenVector/LowPolyStoragePack/Prefabs/Box_01_Purple.prefab
  artifactKey: Guid(c63b9848197795b43805d085f853e976) Importer(815301076,1909f56bfc062723c751e8b465ee728b)
Start importing Assets/BrokenVector/LowPolyStoragePack/Prefabs/Box_01_Purple.prefab using Guid(c63b9848197795b43805d085f853e976) Importer(815301076,1909f56bfc062723c751e8b465ee728b)  -> (artifact id: 'a0be2981d2e7dfefbaf06475640150ad') in 0.037457 seconds 
========================================================================
Received Import Request.
  Time since last request: 0.000037 seconds.
  path: Assets/BrokenVector/LowPolyStoragePack/Prefabs/Barrel_03_Green.prefab
  artifactKey: Guid(410f168ad9e98f543bd001acc1a546cf) Importer(815301076,1909f56bfc062723c751e8b465ee728b)
Start importing Assets/BrokenVector/LowPolyStoragePack/Prefabs/Barrel_03_Green.prefab using Guid(410f168ad9e98f543bd001acc1a546cf) Importer(815301076,1909f56bfc062723c751e8b465ee728b)  -> (artifact id: '1ba87b4b0890ebcfae939945d4e4effa') in 0.042799 seconds 
========================================================================
Received Import Request.
  Time since last request: 0.000036 seconds.
  path: Assets/BrokenVector/LowPolyStoragePack/Prefabs/Box_01_Green.prefab
  artifactKey: Guid(52286bfe87fb66749a3c50bd33f61eb6) Importer(815301076,1909f56bfc062723c751e8b465ee728b)
Start importing Assets/BrokenVector/LowPolyStoragePack/Prefabs/Box_01_Green.prefab using Guid(52286bfe87fb66749a3c50bd33f61eb6) Importer(815301076,1909f56bfc062723c751e8b465ee728b)  -> (artifact id: 'b7c5594590783b32443122466cddf51f') in 0.041840 seconds 
========================================================================
Received Import Request.
  Time since last request: 0.000035 seconds.
  path: Assets/BrokenVector/LowPolyStoragePack/Prefabs/Cabinet_01.prefab
  artifactKey: Guid(e32f6a0e129409b49ab1ada5d1090113) Importer(815301076,1909f56bfc062723c751e8b465ee728b)
Start importing Assets/BrokenVector/LowPolyStoragePack/Prefabs/Cabinet_01.prefab using Guid(e32f6a0e129409b49ab1ada5d1090113) Importer(815301076,1909f56bfc062723c751e8b465ee728b)  -> (artifact id: '2fc9a464e654a73bd7553f9238b7a5a9') in 0.040091 seconds 
========================================================================
Received Import Request.
  Time since last request: 0.377154 seconds.
  path: Assets/BrokenVector/LowPolyStoragePack/Prefabs/Container_01_Purple.prefab
  artifactKey: Guid(27358e8da8bf48a45a53bba64a04724c) Importer(815301076,1909f56bfc062723c751e8b465ee728b)
Start importing Assets/BrokenVector/LowPolyStoragePack/Prefabs/Container_01_Purple.prefab using Guid(27358e8da8bf48a45a53bba64a04724c) Importer(815301076,1909f56bfc062723c751e8b465ee728b)  -> (artifact id: '248c39a3c0c11e6830de2a9fc9e9bcc0') in 0.049667 seconds 
========================================================================
Received Import Request.
  Time since last request: 0.000052 seconds.
  path: Assets/BrokenVector/LowPolyStoragePack/Prefabs/Electric_Box_01.prefab
  artifactKey: Guid(a578316b64ef8fa4ea35895600971894) Importer(815301076,1909f56bfc062723c751e8b465ee728b)
Start importing Assets/BrokenVector/LowPolyStoragePack/Prefabs/Electric_Box_01.prefab using Guid(a578316b64ef8fa4ea35895600971894) Importer(815301076,1909f56bfc062723c751e8b465ee728b)  -> (artifact id: 'd68dc7a4f1dd61d2a0f94f23a3405d79') in 0.040816 seconds 
========================================================================
Received Import Request.
  Time since last request: 0.000054 seconds.
  path: Assets/BrokenVector/LowPolyStoragePack/Prefabs/Container_02_Blue.prefab
  artifactKey: Guid(2f3eeb9b037e853489950df7ec0c4eb2) Importer(815301076,1909f56bfc062723c751e8b465ee728b)
Start importing Assets/BrokenVector/LowPolyStoragePack/Prefabs/Container_02_Blue.prefab using Guid(2f3eeb9b037e853489950df7ec0c4eb2) Importer(815301076,1909f56bfc062723c751e8b465ee728b)  -> (artifact id: '913bb6135e5219fb69ac31afc2df14e3') in 0.040581 seconds 
========================================================================
Received Import Request.
  Time since last request: 0.000037 seconds.
  path: Assets/BrokenVector/LowPolyStoragePack/Prefabs/Crate_02.prefab
  artifactKey: Guid(4af2e69a3f0348b44a982423be88c83d) Importer(815301076,1909f56bfc062723c751e8b465ee728b)
Start importing Assets/BrokenVector/LowPolyStoragePack/Prefabs/Crate_02.prefab using Guid(4af2e69a3f0348b44a982423be88c83d) Importer(815301076,1909f56bfc062723c751e8b465ee728b)  -> (artifact id: '9238ab5b14e0d41f63432faf43f2703b') in 0.039454 seconds 
========================================================================
Received Import Request.
  Time since last request: 0.000043 seconds.
  path: Assets/BrokenVector/LowPolyStoragePack/Prefabs/Container_02_Red.prefab
  artifactKey: Guid(466f5a12c6bdcc54dac02fd25e22b515) Importer(815301076,1909f56bfc062723c751e8b465ee728b)
Start importing Assets/BrokenVector/LowPolyStoragePack/Prefabs/Container_02_Red.prefab using Guid(466f5a12c6bdcc54dac02fd25e22b515) Importer(815301076,1909f56bfc062723c751e8b465ee728b)  -> (artifact id: '4a47255f16c5fb5d63f49eb7c4ea3824') in 0.035950 seconds 
========================================================================
Received Import Request.
  Time since last request: 0.000041 seconds.
  path: Assets/BrokenVector/LowPolyStoragePack/Prefabs/Container_02_Purple.prefab
  artifactKey: Guid(f7506201fa8dd234da8643bc58c1fad3) Importer(815301076,1909f56bfc062723c751e8b465ee728b)
Start importing Assets/BrokenVector/LowPolyStoragePack/Prefabs/Container_02_Purple.prefab using Guid(f7506201fa8dd234da8643bc58c1fad3) Importer(815301076,1909f56bfc062723c751e8b465ee728b)  -> (artifact id: '06696b1d02f18ab809a5aa8b21ab76ff') in 0.039799 seconds 
========================================================================
Received Import Request.
  Time since last request: 0.199822 seconds.
  path: Assets/BrokenVector/LowPolyStoragePack/Prefabs/EUR-Pallet.prefab
  artifactKey: Guid(be11ab6aad4338d4d8ad965540935796) Importer(815301076,1909f56bfc062723c751e8b465ee728b)
Start importing Assets/BrokenVector/LowPolyStoragePack/Prefabs/EUR-Pallet.prefab using Guid(be11ab6aad4338d4d8ad965540935796) Importer(815301076,1909f56bfc062723c751e8b465ee728b)  -> (artifact id: 'f6811f5fdce48c83ea0178426d355ea3') in 0.049605 seconds 
========================================================================
Received Import Request.
  Time since last request: 0.000053 seconds.
  path: Assets/BrokenVector/LowPolyStoragePack/Prefabs/Giftbox_01_Blue.prefab
  artifactKey: Guid(7d7bf6c92ae13cd478d73a6c6bc5fb4e) Importer(815301076,1909f56bfc062723c751e8b465ee728b)
Start importing Assets/BrokenVector/LowPolyStoragePack/Prefabs/Giftbox_01_Blue.prefab using Guid(7d7bf6c92ae13cd478d73a6c6bc5fb4e) Importer(815301076,1909f56bfc062723c751e8b465ee728b)  -> (artifact id: '498d810ee5204fdaf1eb4d9142b5b78b') in 0.043692 seconds 
========================================================================
Received Import Request.
  Time since last request: 0.000050 seconds.
  path: Assets/BrokenVector/LowPolyStoragePack/Prefabs/Giftbox_01_Red.prefab
  artifactKey: Guid(13e2ed0fe08f41e47b8c83e610b93d2d) Importer(815301076,1909f56bfc062723c751e8b465ee728b)
Start importing Assets/BrokenVector/LowPolyStoragePack/Prefabs/Giftbox_01_Red.prefab using Guid(13e2ed0fe08f41e47b8c83e610b93d2d) Importer(815301076,1909f56bfc062723c751e8b465ee728b)  -> (artifact id: '8323ce21ae65c316d9044c9398a12031') in 0.041582 seconds 
========================================================================
Received Import Request.
  Time since last request: 0.000029 seconds.
  path: Assets/BrokenVector/LowPolyStoragePack/Prefabs/Garbage_Can_Purple.prefab
  artifactKey: Guid(f502427f83e10e247a87212504fcc298) Importer(815301076,1909f56bfc062723c751e8b465ee728b)
Start importing Assets/BrokenVector/LowPolyStoragePack/Prefabs/Garbage_Can_Purple.prefab using Guid(f502427f83e10e247a87212504fcc298) Importer(815301076,1909f56bfc062723c751e8b465ee728b)  -> (artifact id: 'b6366c2799c488c58a66d85cfa27f4c2') in 0.038913 seconds 
========================================================================
Received Import Request.
  Time since last request: 0.000034 seconds.
  path: Assets/BrokenVector/LowPolyStoragePack/Prefabs/Garbage_Can_Red.prefab
  artifactKey: Guid(6092d1bb5a4a3074a88aa2f310c42bcb) Importer(815301076,1909f56bfc062723c751e8b465ee728b)
Start importing Assets/BrokenVector/LowPolyStoragePack/Prefabs/Garbage_Can_Red.prefab using Guid(6092d1bb5a4a3074a88aa2f310c42bcb) Importer(815301076,1909f56bfc062723c751e8b465ee728b)  -> (artifact id: 'd3d7404da451de97466d9170a4fce36b') in 0.036470 seconds 
========================================================================
Received Import Request.
  Time since last request: 0.000039 seconds.
  path: Assets/BrokenVector/LowPolyStoragePack/Prefabs/Garbage_Can_Green.prefab
  artifactKey: Guid(cddf3d66c16cf1c4eb4d9646cc4d763f) Importer(815301076,1909f56bfc062723c751e8b465ee728b)
Start importing Assets/BrokenVector/LowPolyStoragePack/Prefabs/Garbage_Can_Green.prefab using Guid(cddf3d66c16cf1c4eb4d9646cc4d763f) Importer(815301076,1909f56bfc062723c751e8b465ee728b)  -> (artifact id: 'c8e0a7f2295d43d9293a003679e4a547') in 0.037158 seconds 
========================================================================
Received Import Request.
  Time since last request: 0.293472 seconds.
  path: Assets/BrokenVector/LowPolyStoragePack/Prefabs/Giftbox_02_Green.prefab
  artifactKey: Guid(f132b7480e2d1db40a65bbae13a582fc) Importer(815301076,1909f56bfc062723c751e8b465ee728b)
Start importing Assets/BrokenVector/LowPolyStoragePack/Prefabs/Giftbox_02_Green.prefab using Guid(f132b7480e2d1db40a65bbae13a582fc) Importer(815301076,1909f56bfc062723c751e8b465ee728b)  -> (artifact id: '4f6f2f7a76fd74fe8951da7739f1336c') in 0.055284 seconds 
========================================================================
Received Import Request.
  Time since last request: 0.000041 seconds.
  path: Assets/BrokenVector/LowPolyStoragePack/Prefabs/Giftbox_02_Yellow.prefab
  artifactKey: Guid(ae3ef10b277161d41ab5e71e3cbc9983) Importer(815301076,1909f56bfc062723c751e8b465ee728b)
Start importing Assets/BrokenVector/LowPolyStoragePack/Prefabs/Giftbox_02_Yellow.prefab using Guid(ae3ef10b277161d41ab5e71e3cbc9983) Importer(815301076,1909f56bfc062723c751e8b465ee728b)  -> (artifact id: 'c87b3ca1a0375dc1fe66ae569429966a') in 0.066468 seconds 
========================================================================
Received Import Request.
  Time since last request: 0.000053 seconds.
  path: Assets/BrokenVector/LowPolyStoragePack/Prefabs/Giftbox_03_Red.prefab
  artifactKey: Guid(35380f0d2bbbc714691343711ab2194d) Importer(815301076,1909f56bfc062723c751e8b465ee728b)
Start importing Assets/BrokenVector/LowPolyStoragePack/Prefabs/Giftbox_03_Red.prefab using Guid(35380f0d2bbbc714691343711ab2194d) Importer(815301076,1909f56bfc062723c751e8b465ee728b)  -> (artifact id: 'ccf33df9da9fe0a86d4d6beef3aa105a') in 0.055944 seconds 
========================================================================
Received Import Request.
  Time since last request: 0.000075 seconds.
  path: Assets/BrokenVector/LowPolyStoragePack/Prefabs/Giftbox_03_Blue.prefab
  artifactKey: Guid(640a1b7507862ff4aaabf7e8ed0517fa) Importer(815301076,1909f56bfc062723c751e8b465ee728b)
Start importing Assets/BrokenVector/LowPolyStoragePack/Prefabs/Giftbox_03_Blue.prefab using Guid(640a1b7507862ff4aaabf7e8ed0517fa) Importer(815301076,1909f56bfc062723c751e8b465ee728b)  -> (artifact id: '8af3c28e30a8d3a409b9e2240a6c48b4') in 0.039598 seconds 
========================================================================
Received Import Request.
  Time since last request: 0.000084 seconds.
  path: Assets/BrokenVector/LowPolyStoragePack/Prefabs/Locker.prefab
  artifactKey: Guid(5ac3edd53f963024ebc36254c7e55dee) Importer(815301076,1909f56bfc062723c751e8b465ee728b)
Start importing Assets/BrokenVector/LowPolyStoragePack/Prefabs/Locker.prefab using Guid(5ac3edd53f963024ebc36254c7e55dee) Importer(815301076,1909f56bfc062723c751e8b465ee728b)  -> (artifact id: '0a9ab6d3ca232d8f679fa38c54818431') in 0.042484 seconds 
========================================================================
Received Import Request.
  Time since last request: 0.000043 seconds.
  path: Assets/BrokenVector/LowPolyStoragePack/Prefabs/Giftbox_02_Red.prefab
  artifactKey: Guid(c526998ace67d04498684066f2a75d3d) Importer(815301076,1909f56bfc062723c751e8b465ee728b)
Start importing Assets/BrokenVector/LowPolyStoragePack/Prefabs/Giftbox_02_Red.prefab using Guid(c526998ace67d04498684066f2a75d3d) Importer(815301076,1909f56bfc062723c751e8b465ee728b)  -> (artifact id: '04591d70106215e830fef715086b1ee8') in 0.090398 seconds 
========================================================================
Received Import Request.
  Time since last request: 0.132541 seconds.
  path: Assets/BrokenVector/LowPolyStoragePack/Prefabs/Suitcase_01_Blue.prefab
  artifactKey: Guid(049a31b928db0684c80f2fa76838f5f7) Importer(815301076,1909f56bfc062723c751e8b465ee728b)
Start importing Assets/BrokenVector/LowPolyStoragePack/Prefabs/Suitcase_01_Blue.prefab using Guid(049a31b928db0684c80f2fa76838f5f7) Importer(815301076,1909f56bfc062723c751e8b465ee728b)  -> (artifact id: '60cb5cfd29c333efb93041dc69ea50c2') in 0.039249 seconds 
========================================================================
Received Import Request.
  Time since last request: 0.000034 seconds.
  path: Assets/BrokenVector/LowPolyStoragePack/Prefabs/Suitcase_01_Green.prefab
  artifactKey: Guid(cc206acf3c629e549a79e89b26695245) Importer(815301076,1909f56bfc062723c751e8b465ee728b)
Start importing Assets/BrokenVector/LowPolyStoragePack/Prefabs/Suitcase_01_Green.prefab using Guid(cc206acf3c629e549a79e89b26695245) Importer(815301076,1909f56bfc062723c751e8b465ee728b)  -> (artifact id: '6ca8cc7f26f6a88a4a0a3d2db42fefd5') in 0.038328 seconds 
========================================================================
Received Import Request.
  Time since last request: 0.000042 seconds.
  path: Assets/BrokenVector/LowPolyStoragePack/Prefabs/Suitcase_02_Green.prefab
  artifactKey: Guid(c134220877dc86841963c96f50f810c3) Importer(815301076,1909f56bfc062723c751e8b465ee728b)
Start importing Assets/BrokenVector/LowPolyStoragePack/Prefabs/Suitcase_02_Green.prefab using Guid(c134220877dc86841963c96f50f810c3) Importer(815301076,1909f56bfc062723c751e8b465ee728b)  -> (artifact id: '88df6bd99a10c0eed0cebcb091ebeb72') in 0.041716 seconds 
========================================================================
Received Import Request.
  Time since last request: 0.000043 seconds.
  path: Assets/BrokenVector/LowPolyStoragePack/Prefabs/Suitcase_02_Blue.prefab
  artifactKey: Guid(42f519ff7e5f3d54e94c9d02963441cb) Importer(815301076,1909f56bfc062723c751e8b465ee728b)
Start importing Assets/BrokenVector/LowPolyStoragePack/Prefabs/Suitcase_02_Blue.prefab using Guid(42f519ff7e5f3d54e94c9d02963441cb) Importer(815301076,1909f56bfc062723c751e8b465ee728b)  -> (artifact id: '3ce497d30cf7e52ad21332af2127198a') in 0.037449 seconds 
========================================================================
Received Import Request.
  Time since last request: 0.000032 seconds.
  path: Assets/BrokenVector/LowPolyStoragePack/Prefabs/Suitcase_02_Purple.prefab
  artifactKey: Guid(22362e7eebd4876428d832d6aa3e4ecc) Importer(815301076,1909f56bfc062723c751e8b465ee728b)
Start importing Assets/BrokenVector/LowPolyStoragePack/Prefabs/Suitcase_02_Purple.prefab using Guid(22362e7eebd4876428d832d6aa3e4ecc) Importer(815301076,1909f56bfc062723c751e8b465ee728b)  -> (artifact id: '015f6db1d8fd03caca5a3ee102ed985f') in 0.034584 seconds 
========================================================================
Received Import Request.
  Time since last request: 0.000030 seconds.
  path: Assets/BrokenVector/LowPolyStoragePack/Prefabs/Suitcase_02_Red.prefab
  artifactKey: Guid(e1cac1d627db5b34fa00d9a05bfa4729) Importer(815301076,1909f56bfc062723c751e8b465ee728b)
Start importing Assets/BrokenVector/LowPolyStoragePack/Prefabs/Suitcase_02_Red.prefab using Guid(e1cac1d627db5b34fa00d9a05bfa4729) Importer(815301076,1909f56bfc062723c751e8b465ee728b)  -> (artifact id: 'bd1a1a11ded446efc105bef02c3e2e31') in 0.037742 seconds 
========================================================================
Received Import Request.
  Time since last request: 0.261429 seconds.
  path: Assets/BrokenVector/LowPolyStoragePack/Prefabs/Treasure_Chest.prefab
  artifactKey: Guid(7508a35910e500841aa2d8ae33c44512) Importer(815301076,1909f56bfc062723c751e8b465ee728b)
Start importing Assets/BrokenVector/LowPolyStoragePack/Prefabs/Treasure_Chest.prefab using Guid(7508a35910e500841aa2d8ae33c44512) Importer(815301076,1909f56bfc062723c751e8b465ee728b)  -> (artifact id: '9e35f9f98c39cc959fc76da5ddca528d') in 0.046083 seconds 
Editor requested this worker to shutdown with reason: Scaling down because of idle timeout
AssetImportWorkerClient::OnTransportError - code=2 error=End of file
AssetImportWorker is now disconnected from the server
Process exiting
Exiting without the bug reporter. Application will terminate with return code 0